mode: set
github.com/maxence-charriere/go-objcruntime/helper.go:6.36,7.11 1 0
github.com/maxence-charriere/go-objcruntime/helper.go:11.2,11.10 1 0
github.com/maxence-charriere/go-objcruntime/helper.go:7.11,9.3 1 0
github.com/maxence-charriere/go-objcruntime/property.go:15.57,20.2 1 0
github.com/maxence-charriere/go-objcruntime/property.go:22.70,27.2 1 0
github.com/maxence-charriere/go-objcruntime/property.go:29.48,32.2 2 0
github.com/maxence-charriere/go-objcruntime/property.go:34.55,37.2 2 0
github.com/maxence-charriere/go-objcruntime/property.go:39.82,47.2 5 0
github.com/maxence-charriere/go-objcruntime/property.go:49.85,55.47 4 0
github.com/maxence-charriere/go-objcruntime/property.go:69.2,69.8 1 0
github.com/maxence-charriere/go-objcruntime/property.go:55.47,59.39 3 0
github.com/maxence-charriere/go-objcruntime/property.go:59.39,66.4 4 0
github.com/maxence-charriere/go-objcruntime/property.go:72.73,75.2 2 0
github.com/maxence-charriere/go-objcruntime/property.go:77.67,80.2 2 0
github.com/maxence-charriere/go-objcruntime/protocol.go:10.45,15.2 3 0
github.com/maxence-charriere/go-objcruntime/protocol.go:17.53,23.47 4 0
github.com/maxence-charriere/go-objcruntime/protocol.go:33.2,33.8 1 0
github.com/maxence-charriere/go-objcruntime/protocol.go:23.47,27.39 3 0
github.com/maxence-charriere/go-objcruntime/protocol.go:27.39,30.4 2 0
github.com/maxence-charriere/go-objcruntime/protocol.go:36.50,41.2 3 0
github.com/maxence-charriere/go-objcruntime/protocol.go:43.47,45.2 1 0
github.com/maxence-charriere/go-objcruntime/protocol.go:48.122,53.2 3 0
github.com/maxence-charriere/go-objcruntime/protocol.go:55.81,58.2 2 0
github.com/maxence-charriere/go-objcruntime/selector.go:10.40,12.2 1 1
github.com/maxence-charriere/go-objcruntime/selector.go:14.39,19.2 3 1
github.com/maxence-charriere/go-objcruntime/selector.go:21.33,26.2 3 1
github.com/maxence-charriere/go-objcruntime/selector.go:28.41,30.2 1 1
github.com/maxence-charriere/go-objcruntime/class.go:18.38,21.2 2 0
github.com/maxence-charriere/go-objcruntime/class.go:23.43,25.2 1 0
github.com/maxence-charriere/go-objcruntime/class.go:27.40,29.2 1 0
github.com/maxence-charriere/go-objcruntime/class.go:31.44,33.2 1 0
github.com/maxence-charriere/go-objcruntime/class.go:35.61,40.2 3 0
github.com/maxence-charriere/go-objcruntime/class.go:42.58,47.2 3 0
github.com/maxence-charriere/go-objcruntime/class.go:49.91,57.2 5 0
github.com/maxence-charriere/go-objcruntime/class.go:59.54,65.47 4 0
github.com/maxence-charriere/go-objcruntime/class.go:75.2,75.8 1 0
github.com/maxence-charriere/go-objcruntime/class.go:65.47,69.39 3 0
github.com/maxence-charriere/go-objcruntime/class.go:69.39,72.4 2 0
github.com/maxence-charriere/go-objcruntime/class.go:78.45,80.2 1 0
github.com/maxence-charriere/go-objcruntime/class.go:82.53,84.2 1 0
github.com/maxence-charriere/go-objcruntime/class.go:86.49,88.2 1 0
github.com/maxence-charriere/go-objcruntime/class.go:90.57,92.2 1 0
github.com/maxence-charriere/go-objcruntime/class.go:94.57,99.2 3 0
github.com/maxence-charriere/go-objcruntime/class.go:101.64,107.47 4 0
github.com/maxence-charriere/go-objcruntime/class.go:117.2,117.8 1 0
github.com/maxence-charriere/go-objcruntime/class.go:107.47,111.39 3 0
github.com/maxence-charriere/go-objcruntime/class.go:111.39,114.4 2 0
github.com/maxence-charriere/go-objcruntime/class.go:120.71,125.2 3 0
github.com/maxence-charriere/go-objcruntime/class.go:127.66,129.2 1 0
github.com/maxence-charriere/go-objcruntime/class.go:131.63,133.2 1 0
github.com/maxence-charriere/go-objcruntime/class.go:135.57,141.47 4 0
github.com/maxence-charriere/go-objcruntime/class.go:151.2,151.8 1 0
github.com/maxence-charriere/go-objcruntime/class.go:141.47,145.39 3 0
github.com/maxence-charriere/go-objcruntime/class.go:145.39,148.4 2 0
github.com/maxence-charriere/go-objcruntime/class.go:154.74,159.2 3 0
github.com/maxence-charriere/go-objcruntime/class.go:161.61,163.2 1 0
github.com/maxence-charriere/go-objcruntime/class.go:165.67,167.2 1 0
github.com/maxence-charriere/go-objcruntime/class.go:169.56,171.2 1 0
github.com/maxence-charriere/go-objcruntime/class.go:173.59,175.2 1 0
github.com/maxence-charriere/go-objcruntime/class.go:177.85,191.37 9 0
github.com/maxence-charriere/go-objcruntime/class.go:202.2,202.91 1 0
github.com/maxence-charriere/go-objcruntime/class.go:191.37,200.3 6 0
github.com/maxence-charriere/go-objcruntime/class.go:205.84,219.37 9 0
github.com/maxence-charriere/go-objcruntime/class.go:230.2,230.83 1 0
github.com/maxence-charriere/go-objcruntime/class.go:219.37,228.3 6 0
github.com/maxence-charriere/go-objcruntime/class.go:233.66,235.2 1 0
github.com/maxence-charriere/go-objcruntime/class.go:237.63,243.47 4 0
github.com/maxence-charriere/go-objcruntime/class.go:253.2,253.8 1 0
github.com/maxence-charriere/go-objcruntime/class.go:243.47,247.39 3 0
github.com/maxence-charriere/go-objcruntime/class.go:247.39,250.4 2 0
github.com/maxence-charriere/go-objcruntime/class.go:256.43,258.2 1 0
github.com/maxence-charriere/go-objcruntime/class.go:260.52,262.2 1 0
github.com/maxence-charriere/go-objcruntime/class.go:265.47,268.2 2 0
github.com/maxence-charriere/go-objcruntime/class.go:270.53,273.2 2 0
