mode: set
github.com/maxence-charriere/go-objcruntime/property.go:15.57,20.2 1 0
github.com/maxence-charriere/go-objcruntime/property.go:22.70,27.2 1 0
github.com/maxence-charriere/go-objcruntime/property.go:29.48,32.2 2 0
github.com/maxence-charriere/go-objcruntime/property.go:34.55,37.2 2 0
github.com/maxence-charriere/go-objcruntime/property.go:39.82,47.2 5 0
github.com/maxence-charriere/go-objcruntime/property.go:49.85,55.47 4 0
github.com/maxence-charriere/go-objcruntime/property.go:69.2,69.8 1 0
github.com/maxence-charriere/go-objcruntime/property.go:55.47,59.39 3 0
github.com/maxence-charriere/go-objcruntime/property.go:59.39,66.4 4 0
github.com/maxence-charriere/go-objcruntime/property.go:72.67,75.2 2 0
github.com/maxence-charriere/go-objcruntime/selector.go:10.40,12.2 1 1
github.com/maxence-charriere/go-objcruntime/selector.go:14.39,19.2 3 1
github.com/maxence-charriere/go-objcruntime/selector.go:21.33,26.2 3 1
github.com/maxence-charriere/go-objcruntime/selector.go:28.41,30.2 1 1
github.com/maxence-charriere/go-objcruntime/class.go:20.38,23.2 2 0
github.com/maxence-charriere/go-objcruntime/class.go:25.43,27.2 1 0
github.com/maxence-charriere/go-objcruntime/class.go:29.40,31.2 1 0
github.com/maxence-charriere/go-objcruntime/class.go:33.44,35.2 1 0
github.com/maxence-charriere/go-objcruntime/class.go:37.61,42.2 3 0
github.com/maxence-charriere/go-objcruntime/class.go:44.58,49.2 3 0
github.com/maxence-charriere/go-objcruntime/class.go:51.91,59.2 5 0
github.com/maxence-charriere/go-objcruntime/class.go:61.54,67.47 4 0
github.com/maxence-charriere/go-objcruntime/class.go:77.2,77.8 1 0
github.com/maxence-charriere/go-objcruntime/class.go:67.47,71.39 3 0
github.com/maxence-charriere/go-objcruntime/class.go:71.39,74.4 2 0
github.com/maxence-charriere/go-objcruntime/class.go:80.45,82.2 1 0
github.com/maxence-charriere/go-objcruntime/class.go:84.53,86.2 1 0
github.com/maxence-charriere/go-objcruntime/class.go:88.49,90.2 1 0
github.com/maxence-charriere/go-objcruntime/class.go:92.57,94.2 1 0
github.com/maxence-charriere/go-objcruntime/class.go:96.57,101.2 3 0
github.com/maxence-charriere/go-objcruntime/class.go:103.64,109.47 4 0
github.com/maxence-charriere/go-objcruntime/class.go:119.2,119.8 1 0
github.com/maxence-charriere/go-objcruntime/class.go:109.47,113.39 3 0
github.com/maxence-charriere/go-objcruntime/class.go:113.39,116.4 2 0
github.com/maxence-charriere/go-objcruntime/class.go:122.71,127.2 3 0
github.com/maxence-charriere/go-objcruntime/class.go:129.66,131.2 1 0
github.com/maxence-charriere/go-objcruntime/class.go:133.63,135.2 1 0
github.com/maxence-charriere/go-objcruntime/class.go:137.57,143.47 4 0
github.com/maxence-charriere/go-objcruntime/class.go:153.2,153.8 1 0
github.com/maxence-charriere/go-objcruntime/class.go:143.47,147.39 3 0
github.com/maxence-charriere/go-objcruntime/class.go:147.39,150.4 2 0
github.com/maxence-charriere/go-objcruntime/class.go:156.74,161.2 3 0
github.com/maxence-charriere/go-objcruntime/class.go:163.61,165.2 1 0
github.com/maxence-charriere/go-objcruntime/class.go:167.67,169.2 1 0
github.com/maxence-charriere/go-objcruntime/class.go:171.56,173.2 1 0
github.com/maxence-charriere/go-objcruntime/class.go:175.59,177.2 1 0
github.com/maxence-charriere/go-objcruntime/class.go:179.85,190.37 7 0
github.com/maxence-charriere/go-objcruntime/class.go:201.2,201.14 1 0
github.com/maxence-charriere/go-objcruntime/class.go:190.37,199.3 6 0
github.com/maxence-charriere/go-objcruntime/class.go:205.47,208.2 2 0
github.com/maxence-charriere/go-objcruntime/class.go:210.73,213.2 2 0
github.com/maxence-charriere/go-objcruntime/class.go:215.53,218.2 2 0
